<?xml version="1.0" encoding="UTF-8"?>
<robot generator="Robot 6.0.2 (Python 3.10.5 on win32)" generated="20230720 17:32:48.142" rpa="false" schemaversion="3">
<suite id="s1" name="Bmc Login" source="c:\Users\Stephenhuang\Python\robot\bmc_login.robot">
<test id="s1-t1" name="LoginTest" line="14">
<kw name="Open Browser" library="SeleniumLibrary">
<arg>http://${url}</arg>
<arg>${BROWSER}</arg>
<doc>Opens a new browser instance to the optional ``url``.</doc>
<msg timestamp="20230720 17:32:48.296" level="INFO">Opening browser 'chrome' to base url 'http://10.184.30.32'.</msg>
<status status="PASS" starttime="20230720 17:32:48.296" endtime="20230720 17:32:50.444"/>
</kw>
<kw name="Set Window Size" library="SeleniumLibrary">
<arg>1920</arg>
<arg>1080</arg>
<doc>Sets current windows size to given ``width`` and ``height``.</doc>
<status status="PASS" starttime="20230720 17:32:50.445" endtime="20230720 17:32:50.571"/>
</kw>
<kw name="Click Element" library="SeleniumLibrary">
<arg>id:details-button</arg>
<doc>Click the element identified by ``locator``.</doc>
<msg timestamp="20230720 17:32:50.572" level="INFO">Clicking element 'id:details-button'.</msg>
<status status="PASS" starttime="20230720 17:32:50.571" endtime="20230720 17:32:50.624"/>
</kw>
<kw name="Click Element" library="SeleniumLibrary">
<arg>id:proceed-link</arg>
<doc>Click the element identified by ``locator``.</doc>
<msg timestamp="20230720 17:32:50.626" level="INFO">Clicking element 'id:proceed-link'.</msg>
<status status="PASS" starttime="20230720 17:32:50.625" endtime="20230720 17:32:50.676"/>
</kw>
<kw name="Set Selenium Timeout" library="SeleniumLibrary">
<arg>${Seconds}</arg>
<doc>Sets the timeout that is used by various keywords.</doc>
<status status="PASS" starttime="20230720 17:32:50.677" endtime="20230720 17:32:50.678"/>
</kw>
<kw name="Sleep" library="BuiltIn">
<arg>2s</arg>
<doc>Pauses the test executed for the given time.</doc>
<msg timestamp="20230720 17:32:52.693" level="INFO">Slept 2 seconds</msg>
<status status="PASS" starttime="20230720 17:32:50.679" endtime="20230720 17:32:52.694"/>
</kw>
<kw name="Input Text" library="SeleniumLibrary">
<arg>id:usrName</arg>
<arg>ADMIN</arg>
<doc>Types the given ``text`` into the text field identified by ``locator``.</doc>
<msg timestamp="20230720 17:32:52.699" level="INFO">Typing text 'ADMIN' into text field 'id:usrName'.</msg>
<status status="PASS" starttime="20230720 17:32:52.696" endtime="20230720 17:32:52.768"/>
</kw>
<kw name="Input Password" library="SeleniumLibrary">
<arg>id:pwd</arg>
<arg>ADMIN</arg>
<doc>Types the given password into the text field identified by ``locator``.</doc>
<msg timestamp="20230720 17:32:52.769" level="INFO">Typing password into text field 'id:pwd'.</msg>
<msg timestamp="20230720 17:32:52.794" level="INFO">Temporally setting log level to: NONE</msg>
<msg timestamp="20230720 17:32:52.839" level="INFO">Log level changed from NONE to INFO.</msg>
<status status="PASS" starttime="20230720 17:32:52.769" endtime="20230720 17:32:52.839"/>
</kw>
<kw name="Click Button" library="SeleniumLibrary">
<arg>id:login_word</arg>
<doc>Clicks the button identified by ``locator``.</doc>
<msg timestamp="20230720 17:32:52.840" level="INFO">Clicking button 'id:login_word'.</msg>
<status status="PASS" starttime="20230720 17:32:52.840" endtime="20230720 17:32:52.918"/>
</kw>
<kw name="Sleep" library="BuiltIn">
<arg>${Seconds}</arg>
<doc>Pauses the test executed for the given time.</doc>
<msg timestamp="20230720 17:32:57.921" level="INFO">Slept 5 seconds</msg>
<status status="PASS" starttime="20230720 17:32:52.918" endtime="20230720 17:32:57.921"/>
</kw>
<kw name="Capture Page Screenshot" library="SeleniumLibrary">
<doc>Takes a screenshot of the current page and embeds it into a log file.</doc>
<msg timestamp="20230720 17:32:58.132" level="INFO" html="true">&lt;/td&gt;&lt;/tr&gt;&lt;tr&gt;&lt;td colspan="3"&gt;&lt;a href="selenium-screenshot-4.png"&gt;&lt;img src="selenium-screenshot-4.png" width="800px"&gt;&lt;/a&gt;</msg>
<status status="PASS" starttime="20230720 17:32:57.922" endtime="20230720 17:32:58.132"/>
</kw>
<kw name="Close Browser" library="SeleniumLibrary">
<doc>Closes the current browser.</doc>
<status status="PASS" starttime="20230720 17:32:58.133" endtime="20230720 17:33:00.386"/>
</kw>
<status status="PASS" starttime="20230720 17:32:48.295" endtime="20230720 17:33:00.388"/>
</test>
<test id="s1-t2" name="TestCase2" line="27">
<kw name="Testlog" library="testrun">
<var>${result}</var>
<kw name="Log" library="BuiltIn">
<arg>run_keyword() Hello, World!</arg>
<doc>Logs the given message with the given level.</doc>
<msg timestamp="20230720 17:33:00.395" level="INFO">run_keyword() Hello, World!</msg>
<status status="PASS" starttime="20230720 17:33:00.394" endtime="20230720 17:33:00.395"/>
</kw>
<kw name="Log" library="BuiltIn">
<arg>run() Hello, World!</arg>
<doc>Logs the given message with the given level.</doc>
<msg timestamp="20230720 17:33:00.396" level="INFO">run() Hello, World!</msg>
<status status="PASS" starttime="20230720 17:33:00.395" endtime="20230720 17:33:00.396"/>
</kw>
<msg timestamp="20230720 17:33:00.396" level="INFO">${result} = None</msg>
<status status="PASS" starttime="20230720 17:33:00.393" endtime="20230720 17:33:00.396"/>
</kw>
<kw name="This is a new keyword" library="testrun">
<var>${result}</var>
<kw name="Log" library="BuiltIn">
<arg>run() Hello, World!</arg>
<doc>Logs the given message with the given level.</doc>
<msg timestamp="20230720 17:33:00.398" level="INFO">run() Hello, World!</msg>
<status status="PASS" starttime="20230720 17:33:00.398" endtime="20230720 17:33:00.398"/>
</kw>
<kw name="Open Browser" library="SeleniumLibrary">
<arg>https://www.google.com</arg>
<arg>chrome</arg>
<doc>Opens a new browser instance to the optional ``url``.</doc>
<msg timestamp="20230720 17:33:00.399" level="INFO">Opening browser 'chrome' to base url 'https://www.google.com'.</msg>
<status status="PASS" starttime="20230720 17:33:00.398" endtime="20230720 17:33:03.786"/>
</kw>
<kw name="Close Browser" library="SeleniumLibrary">
<doc>Closes the current browser.</doc>
<status status="PASS" starttime="20230720 17:33:03.786" endtime="20230720 17:33:05.955"/>
</kw>
<msg timestamp="20230720 17:33:05.956" level="INFO">${result} = None</msg>
<status status="PASS" starttime="20230720 17:33:00.397" endtime="20230720 17:33:05.957"/>
</kw>
<status status="PASS" starttime="20230720 17:33:00.392" endtime="20230720 17:33:05.958"/>
</test>
<test id="s1-t3" name="Custom" line="31">
<kw name="My Library 0630" library="testrun">
<var>${result}</var>
<kw name="My Solution">
<msg timestamp="20230720 17:33:05.968" level="FAIL">No keyword with name 'My Solution' found.</msg>
<status status="FAIL" starttime="20230720 17:33:05.967" endtime="20230720 17:33:05.969"/>
</kw>
<status status="FAIL" starttime="20230720 17:33:05.964" endtime="20230720 17:33:05.969"/>
</kw>
<status status="FAIL" starttime="20230720 17:33:05.962" endtime="20230720 17:33:05.970">No keyword with name 'My Solution' found.</status>
</test>
<status status="FAIL" starttime="20230720 17:32:48.145" endtime="20230720 17:33:05.972"/>
</suite>
<statistics>
<total>
<stat pass="2" fail="1" skip="0">All Tests</stat>
</total>
<tag>
</tag>
<suite>
<stat pass="2" fail="1" skip="0" id="s1" name="Bmc Login">Bmc Login</stat>
</suite>
</statistics>
<errors>
</errors>
</robot>
